<?xml version="1.0" encoding="UTF-8"?>
<!-- Generated by org.testng.reporters.JUnitXMLReporter -->
<testsuite hostname="IN-vberad-W1" ignored="0" name="DockerTest" tests="3" failures="0" timestamp="2021-05-29T18:32:05 IST" time="5.408" errors="0">
  <testcase name="@BeforeTest start_Docker" time="5.147" classname="com.docker.GmailTest3">
    <failure type="java.lang.AssertionError" message="expected [true] but found [false]">
      <![CDATA[java.lang.AssertionError: expected [true] but found [false]
at com.docker.DockerSetUp.start_Docker(DockerSetUp.java:53)
at com.docker.GmailTest3.start_Docker(GmailTest3.java:18)
... Removed 28 stack frames]]>
    </failure>
  </testcase> <!-- @BeforeTest start_Docker -->
  <testcase name="@AfterTest stop_docker" time="-1.622293325528E9" classname="com.docker.GmailTest3">
    <skipped/>
  </testcase> <!-- @AfterTest stop_docker -->
  <testcase name="validate_Google_Title" time="0.0" classname="com.docker.YahooTest2">
    <skipped/>
  </testcase> <!-- validate_Google_Title -->
  <testcase name="validate_Google_Title" time="0.0" classname="com.docker.GmailTest3">
    <skipped/>
  </testcase> <!-- validate_Google_Title -->
  <testcase name="validate_Google_Title" time="0.0" classname="com.docker.GoogleTest">
    <skipped/>
  </testcase> <!-- validate_Google_Title -->
</testsuite> <!-- DockerTest -->
